<?xml version="1.0" encoding="UTF-8"?>
<!-- Generated by org.testng.reporters.JUnitReportReporter -->
<testsuite hostname="DESKTOP-CORRGQE" failures="0" tests="1" name="testPackage.TestValidLogin" time="39.385" errors="0" timestamp="2022-11-17T13:32:32 IST" skipped="0">
  <testcase classname="testPackage.TestValidLogin" name="testValidLogin" time="39.385"/>
  <system-out/>
</testsuite> <!-- testPackage.TestValidLogin -->
